<?xml version="1.0" encoding="UTF-8"?>
<testsuite xmlns:xsi="http://www.w3.org/2001/XMLSchema-instance" xsi:noNamespaceSchemaLocation="https://maven.apache.org/surefire/maven-surefire-plugin/xsd/surefire-test-report-3.0.xsd" version="3.0" name="eu.abdullah.cst3130.utilities.KeyboardUtilTest" time="0.016" tests="6" errors="0" skipped="0" failures="0">
  <properties>
[...]
</properties>
  <testcase name="getColor_WhenDescriptionDoesNotContainColor_ShouldReturnDefaultColor" classname="eu.abdullah.cst3130.utilities.KeyboardUtilTest" time="0.001"/>
  <testcase name="getColor_WhenDescriptionContainsColor_ShouldReturnColor" classname="eu.abdullah.cst3130.utilities.KeyboardUtilTest" time="0.001"/>
  <testcase name="getEnding_WhenModelDoesNotContainEnding_ShouldReturnFalse" classname="eu.abdullah.cst3130.utilities.KeyboardUtilTest" time="0.002"/>
  <testcase name="testFormatPrice_invalidInput" classname="eu.abdullah.cst3130.utilities.KeyboardUtilTest" time="0.003"/>
  <testcase name="getEnding_WhenModelContainsEnding_ShouldReturnTrue" classname="eu.abdullah.cst3130.utilities.KeyboardUtilTest" time="0.002"/>
  <testcase name="testFormatPrice_validInput" classname="eu.abdullah.cst3130.utilities.KeyboardUtilTest" time="0.002"/>
</testsuite>